<?xml version="1.0" encoding="UTF-8"?>
<testsuite name="Data_Test" tests="1" skipped="0" failures="0" errors="0" timestamp="2020-03-31T16:36:48" hostname="Sagar" time="0.005">
  <properties/>
  <testcase name="ProvideLastName_WhenProper_ReturnTrue" classname="Data_Test" time="0.005"/>
  <system-out><![CDATA[]]></system-out>
  <system-err><![CDATA[]]></system-err>
</testsuite>
